<?xml version="1.0" encoding="UTF-8" standalone="no"?>
<!DOCTYPE log SYSTEM "logger.dtd">
<log>
<record>
  <date>2019-05-24T10:33:28</date>
  <millis>1558668808780</millis>
  <sequence>0</sequence>
  <level>START</level>
  <class>com.kms.katalon.core.logging.XmlKeywordLogger</class>
  <method>startSuite</method>
  <thread>1</thread>
  <message>Start Test Suite : Test Suites/Enums</message>
  <nestedLevel>0</nestedLevel>
  <property name="name">Enums</property>
  <property name="description"></property>
  <property name="id">Test Suites/Enums</property>
</record>
<record>
  <date>2019-05-24T10:33:28</date>
  <millis>1558668808795</millis>
  <sequence>1</sequence>
  <level>RUN_DATA</level>
  <class>com.kms.katalon.core.logging.XmlKeywordLogger</class>
  <method>logMessage</method>
  <thread>1</thread>
  <message>hostName = lenovo - HungDMSE61294</message>
  <nestedLevel>0</nestedLevel>
  <property name="hostName">lenovo - HungDMSE61294</property>
</record>
<record>
  <date>2019-05-24T10:33:28</date>
  <millis>1558668808797</millis>
  <sequence>2</sequence>
  <level>RUN_DATA</level>
  <class>com.kms.katalon.core.logging.XmlKeywordLogger</class>
  <method>logMessage</method>
  <thread>1</thread>
  <message>os = Windows 10 64bit</message>
  <nestedLevel>0</nestedLevel>
  <property name="os">Windows 10 64bit</property>
</record>
<record>
  <date>2019-05-24T10:33:28</date>
  <millis>1558668808797</millis>
  <sequence>3</sequence>
  <level>RUN_DATA</level>
  <class>com.kms.katalon.core.logging.XmlKeywordLogger</class>
  <method>logMessage</method>
  <thread>1</thread>
  <message>hostAddress = 192.168.137.1</message>
  <nestedLevel>0</nestedLevel>
  <property name="hostAddress">192.168.137.1</property>
</record>
<record>
  <date>2019-05-24T10:33:28</date>
  <millis>1558668808798</millis>
  <sequence>4</sequence>
  <level>RUN_DATA</level>
  <class>com.kms.katalon.core.logging.XmlKeywordLogger</class>
  <method>logMessage</method>
  <thread>1</thread>
  <message>katalonVersion = 6.1.5.3</message>
  <nestedLevel>0</nestedLevel>
  <property name="katalonVersion">6.1.5.3</property>
</record>
<record>
  <date>2019-05-24T10:33:29</date>
  <millis>1558668809083</millis>
  <sequence>5</sequence>
  <level>START</level>
  <class>com.kms.katalon.core.logging.XmlKeywordLogger</class>
  <method>startTest</method>
  <thread>1</thread>
  <message>Start Test Case : Test Cases/Enums/application-stage</message>
  <nestedLevel>1</nestedLevel>
  <property name="name">Test Cases/Enums/application-stage</property>
  <property name="description"></property>
  <property name="id">Test Cases/Enums/application-stage</property>
  <property name="source">C:\\Users\\lenovo\\Desktop\\UnilogAPI\\Test Cases\\Enums\\application-stage.tc</property>
  <property name="tag"></property>
  <property name="isOptional">false</property>
</record>
<record>
  <date>2019-05-24T10:33:29</date>
  <millis>1558668809479</millis>
  <sequence>7</sequence>
  <level>START</level>
  <class>com.kms.katalon.core.logging.XmlKeywordLogger</class>
  <method>startKeyword</method>
  <thread>1</thread>
  <message>Start action : response = sendRequest(findTestObject(\&amp;quot;Enums/apllication-stage\&amp;quot;))</message>
  <nestedLevel>1</nestedLevel>
  <property name="startLine">17</property>
  <property name="stepIndex">1</property>
</record>
<record>
  <date>2019-05-24T10:33:31</date>
  <millis>1558668811461</millis>
  <sequence>11</sequence>
  <level>INFO</level>
  <class>com.kms.katalon.core.logging.XmlKeywordLogger</class>
  <method>logMessage</method>
  <thread>1</thread>
  <message>HAR: C:\\Users\\lenovo\\Desktop\\UnilogAPI\\Reports\\Enums\\20190524_103322\\requests\\main\\0.har</message>
  <nestedLevel>1</nestedLevel>
  <property name="harId">24eccdc5-fefb-4953-a432-bebdf9cc064a</property>
</record>
<record>
  <date>2019-05-24T10:33:31</date>
  <millis>1558668811568</millis>
  <sequence>12</sequence>
  <level>PASSED</level>
  <class>com.kms.katalon.core.logging.XmlKeywordLogger</class>
  <method>logMessage</method>
  <thread>1</thread>
  <message>Send request successfully</message>
  <nestedLevel>1</nestedLevel>
</record>
<record>
  <date>2019-05-24T10:33:31</date>
  <millis>1558668811569</millis>
  <sequence>13</sequence>
  <level>END</level>
  <class>com.kms.katalon.core.logging.XmlKeywordLogger</class>
  <method>endKeyword</method>
  <thread>1</thread>
  <message>End action : response = sendRequest(findTestObject(\&amp;quot;Enums/apllication-stage\&amp;quot;))</message>
  <nestedLevel>1</nestedLevel>
</record>
<record>
  <date>2019-05-24T10:33:31</date>
  <millis>1558668811570</millis>
  <sequence>14</sequence>
  <level>START</level>
  <class>com.kms.katalon.core.logging.XmlKeywordLogger</class>
  <method>startKeyword</method>
  <thread>1</thread>
  <message>Start action : verifyResponseStatusCode(response, 200)</message>
  <nestedLevel>1</nestedLevel>
  <property name="startLine">19</property>
  <property name="stepIndex">2</property>
</record>
<record>
  <date>2019-05-24T10:33:31</date>
  <millis>1558668811593</millis>
  <sequence>16</sequence>
  <level>PASSED</level>
  <class>com.kms.katalon.core.logging.XmlKeywordLogger</class>
  <method>logMessage</method>
  <thread>1</thread>
  <message>Verify response status code successfully</message>
  <nestedLevel>1</nestedLevel>
</record>
<record>
  <date>2019-05-24T10:33:31</date>
  <millis>1558668811594</millis>
  <sequence>17</sequence>
  <level>END</level>
  <class>com.kms.katalon.core.logging.XmlKeywordLogger</class>
  <method>endKeyword</method>
  <thread>1</thread>
  <message>End action : verifyResponseStatusCode(response, 200)</message>
  <nestedLevel>1</nestedLevel>
</record>
<record>
  <date>2019-05-24T10:33:31</date>
  <millis>1558668811595</millis>
  <sequence>18</sequence>
  <level>PASSED</level>
  <class>com.kms.katalon.core.logging.XmlKeywordLogger</class>
  <method>logMessage</method>
  <thread>1</thread>
  <message>Test Cases/Enums/application-stage</message>
  <nestedLevel>1</nestedLevel>
</record>
<record>
  <date>2019-05-24T10:33:31</date>
  <millis>1558668811618</millis>
  <sequence>19</sequence>
  <level>END</level>
  <class>com.kms.katalon.core.logging.XmlKeywordLogger</class>
  <method>endTest</method>
  <thread>1</thread>
  <message>End Test Case : Test Cases/Enums/application-stage</message>
  <nestedLevel>0</nestedLevel>
</record>
<record>
  <date>2019-05-24T10:33:31</date>
  <millis>1558668811624</millis>
  <sequence>20</sequence>
  <level>START</level>
  <class>com.kms.katalon.core.logging.XmlKeywordLogger</class>
  <method>startTest</method>
  <thread>1</thread>
  <message>Start Test Case : Test Cases/Enums/GetEnumapplication-category</message>
  <nestedLevel>1</nestedLevel>
  <property name="name">Test Cases/Enums/GetEnumapplication-category</property>
  <property name="description"></property>
  <property name="id">Test Cases/Enums/GetEnumapplication-category</property>
  <property name="source">C:\\Users\\lenovo\\Desktop\\UnilogAPI\\Test Cases\\Enums\\GetEnumapplication-category.tc</property>
  <property name="tag"></property>
  <property name="isOptional">false</property>
</record>
<record>
  <date>2019-05-24T10:33:31</date>
  <millis>1558668811883</millis>
  <sequence>22</sequence>
  <level>START</level>
  <class>com.kms.katalon.core.logging.XmlKeywordLogger</class>
  <method>startKeyword</method>
  <thread>1</thread>
  <message>Start action : response = sendRequest(findTestObject(\&amp;quot;Enums/GetEnumapplication-category\&amp;quot;))</message>
  <nestedLevel>1</nestedLevel>
  <property name="startLine">17</property>
  <property name="stepIndex">1</property>
</record>
<record>
  <date>2019-05-24T10:33:31</date>
  <millis>1558668811985</millis>
  <sequence>26</sequence>
  <level>INFO</level>
  <class>com.kms.katalon.core.logging.XmlKeywordLogger</class>
  <method>logMessage</method>
  <thread>1</thread>
  <message>HAR: C:\\Users\\lenovo\\Desktop\\UnilogAPI\\Reports\\Enums\\20190524_103322\\requests\\main\\1.har</message>
  <nestedLevel>1</nestedLevel>
  <property name="harId">5f57565f-c734-450f-988d-605104de1e79</property>
</record>
<record>
  <date>2019-05-24T10:33:32</date>
  <millis>1558668812002</millis>
  <sequence>27</sequence>
  <level>PASSED</level>
  <class>com.kms.katalon.core.logging.XmlKeywordLogger</class>
  <method>logMessage</method>
  <thread>1</thread>
  <message>Send request successfully</message>
  <nestedLevel>1</nestedLevel>
</record>
<record>
  <date>2019-05-24T10:33:32</date>
  <millis>1558668812003</millis>
  <sequence>28</sequence>
  <level>END</level>
  <class>com.kms.katalon.core.logging.XmlKeywordLogger</class>
  <method>endKeyword</method>
  <thread>1</thread>
  <message>End action : response = sendRequest(findTestObject(\&amp;quot;Enums/GetEnumapplication-category\&amp;quot;))</message>
  <nestedLevel>1</nestedLevel>
</record>
<record>
  <date>2019-05-24T10:33:32</date>
  <millis>1558668812003</millis>
  <sequence>29</sequence>
  <level>START</level>
  <class>com.kms.katalon.core.logging.XmlKeywordLogger</class>
  <method>startKeyword</method>
  <thread>1</thread>
  <message>Start action : verifyResponseStatusCode(response, 200)</message>
  <nestedLevel>1</nestedLevel>
  <property name="startLine">18</property>
  <property name="stepIndex">2</property>
</record>
<record>
  <date>2019-05-24T10:33:32</date>
  <millis>1558668812005</millis>
  <sequence>31</sequence>
  <level>PASSED</level>
  <class>com.kms.katalon.core.logging.XmlKeywordLogger</class>
  <method>logMessage</method>
  <thread>1</thread>
  <message>Verify response status code successfully</message>
  <nestedLevel>1</nestedLevel>
</record>
<record>
  <date>2019-05-24T10:33:32</date>
  <millis>1558668812006</millis>
  <sequence>32</sequence>
  <level>END</level>
  <class>com.kms.katalon.core.logging.XmlKeywordLogger</class>
  <method>endKeyword</method>
  <thread>1</thread>
  <message>End action : verifyResponseStatusCode(response, 200)</message>
  <nestedLevel>1</nestedLevel>
</record>
<record>
  <date>2019-05-24T10:33:32</date>
  <millis>1558668812006</millis>
  <sequence>33</sequence>
  <level>PASSED</level>
  <class>com.kms.katalon.core.logging.XmlKeywordLogger</class>
  <method>logMessage</method>
  <thread>1</thread>
  <message>Test Cases/Enums/GetEnumapplication-category</message>
  <nestedLevel>1</nestedLevel>
</record>
<record>
  <date>2019-05-24T10:33:32</date>
  <millis>1558668812008</millis>
  <sequence>34</sequence>
  <level>END</level>
  <class>com.kms.katalon.core.logging.XmlKeywordLogger</class>
  <method>endTest</method>
  <thread>1</thread>
  <message>End Test Case : Test Cases/Enums/GetEnumapplication-category</message>
  <nestedLevel>0</nestedLevel>
</record>
<record>
  <date>2019-05-24T10:33:32</date>
  <millis>1558668812013</millis>
  <sequence>35</sequence>
  <level>START</level>
  <class>com.kms.katalon.core.logging.XmlKeywordLogger</class>
  <method>startTest</method>
  <thread>1</thread>
  <message>Start Test Case : Test Cases/Enums/GetEnumapplication-origin</message>
  <nestedLevel>1</nestedLevel>
  <property name="name">Test Cases/Enums/GetEnumapplication-origin</property>
  <property name="description"></property>
  <property name="id">Test Cases/Enums/GetEnumapplication-origin</property>
  <property name="source">C:\\Users\\lenovo\\Desktop\\UnilogAPI\\Test Cases\\Enums\\GetEnumapplication-origin.tc</property>
  <property name="tag"></property>
  <property name="isOptional">false</property>
</record>
<record>
  <date>2019-05-24T10:33:32</date>
  <millis>1558668812214</millis>
  <sequence>37</sequence>
  <level>START</level>
  <class>com.kms.katalon.core.logging.XmlKeywordLogger</class>
  <method>startKeyword</method>
  <thread>1</thread>
  <message>Start action : response = sendRequest(findTestObject(\&amp;quot;Enums/GetEnumapplication-origin\&amp;quot;))</message>
  <nestedLevel>1</nestedLevel>
  <property name="startLine">16</property>
  <property name="stepIndex">1</property>
</record>
<record>
  <date>2019-05-24T10:33:32</date>
  <millis>1558668812269</millis>
  <sequence>41</sequence>
  <level>INFO</level>
  <class>com.kms.katalon.core.logging.XmlKeywordLogger</class>
  <method>logMessage</method>
  <thread>1</thread>
  <message>HAR: C:\\Users\\lenovo\\Desktop\\UnilogAPI\\Reports\\Enums\\20190524_103322\\requests\\main\\2.har</message>
  <nestedLevel>1</nestedLevel>
  <property name="harId">e84a7933-8cef-4399-8031-321a1f684975</property>
</record>
<record>
  <date>2019-05-24T10:33:32</date>
  <millis>1558668812277</millis>
  <sequence>42</sequence>
  <level>PASSED</level>
  <class>com.kms.katalon.core.logging.XmlKeywordLogger</class>
  <method>logMessage</method>
  <thread>1</thread>
  <message>Send request successfully</message>
  <nestedLevel>1</nestedLevel>
</record>
<record>
  <date>2019-05-24T10:33:32</date>
  <millis>1558668812277</millis>
  <sequence>43</sequence>
  <level>END</level>
  <class>com.kms.katalon.core.logging.XmlKeywordLogger</class>
  <method>endKeyword</method>
  <thread>1</thread>
  <message>End action : response = sendRequest(findTestObject(\&amp;quot;Enums/GetEnumapplication-origin\&amp;quot;))</message>
  <nestedLevel>1</nestedLevel>
</record>
<record>
  <date>2019-05-24T10:33:32</date>
  <millis>1558668812278</millis>
  <sequence>44</sequence>
  <level>START</level>
  <class>com.kms.katalon.core.logging.XmlKeywordLogger</class>
  <method>startKeyword</method>
  <thread>1</thread>
  <message>Start action : verifyResponseStatusCode(response, 200)</message>
  <nestedLevel>1</nestedLevel>
  <property name="startLine">18</property>
  <property name="stepIndex">2</property>
</record>
<record>
  <date>2019-05-24T10:33:32</date>
  <millis>1558668812279</millis>
  <sequence>46</sequence>
  <level>PASSED</level>
  <class>com.kms.katalon.core.logging.XmlKeywordLogger</class>
  <method>logMessage</method>
  <thread>1</thread>
  <message>Verify response status code successfully</message>
  <nestedLevel>1</nestedLevel>
</record>
<record>
  <date>2019-05-24T10:33:32</date>
  <millis>1558668812280</millis>
  <sequence>47</sequence>
  <level>END</level>
  <class>com.kms.katalon.core.logging.XmlKeywordLogger</class>
  <method>endKeyword</method>
  <thread>1</thread>
  <message>End action : verifyResponseStatusCode(response, 200)</message>
  <nestedLevel>1</nestedLevel>
</record>
<record>
  <date>2019-05-24T10:33:32</date>
  <millis>1558668812280</millis>
  <sequence>48</sequence>
  <level>PASSED</level>
  <class>com.kms.katalon.core.logging.XmlKeywordLogger</class>
  <method>logMessage</method>
  <thread>1</thread>
  <message>Test Cases/Enums/GetEnumapplication-origin</message>
  <nestedLevel>1</nestedLevel>
</record>
<record>
  <date>2019-05-24T10:33:32</date>
  <millis>1558668812281</millis>
  <sequence>49</sequence>
  <level>END</level>
  <class>com.kms.katalon.core.logging.XmlKeywordLogger</class>
  <method>endTest</method>
  <thread>1</thread>
  <message>End Test Case : Test Cases/Enums/GetEnumapplication-origin</message>
  <nestedLevel>0</nestedLevel>
</record>
<record>
  <date>2019-05-24T10:33:32</date>
  <millis>1558668812285</millis>
  <sequence>50</sequence>
  <level>START</level>
  <class>com.kms.katalon.core.logging.XmlKeywordLogger</class>
  <method>startTest</method>
  <thread>1</thread>
  <message>Start Test Case : Test Cases/Enums/GetEnumcharacteristic-definition</message>
  <nestedLevel>1</nestedLevel>
  <property name="name">Test Cases/Enums/GetEnumcharacteristic-definition</property>
  <property name="description"></property>
  <property name="id">Test Cases/Enums/GetEnumcharacteristic-definition</property>
  <property name="source">C:\\Users\\lenovo\\Desktop\\UnilogAPI\\Test Cases\\Enums\\GetEnumcharacteristic-definition.tc</property>
  <property name="tag"></property>
  <property name="isOptional">false</property>
</record>
<record>
  <date>2019-05-24T10:33:32</date>
  <millis>1558668812462</millis>
  <sequence>52</sequence>
  <level>START</level>
  <class>com.kms.katalon.core.logging.XmlKeywordLogger</class>
  <method>startKeyword</method>
  <thread>1</thread>
  <message>Start action : response = sendRequest(findTestObject(\&amp;quot;Enums/GetEnumcharacteristic-definition\&amp;quot;))</message>
  <nestedLevel>1</nestedLevel>
  <property name="startLine">16</property>
  <property name="stepIndex">1</property>
</record>
<record>
  <date>2019-05-24T10:33:32</date>
  <millis>1558668812549</millis>
  <sequence>56</sequence>
  <level>INFO</level>
  <class>com.kms.katalon.core.logging.XmlKeywordLogger</class>
  <method>logMessage</method>
  <thread>1</thread>
  <message>HAR: C:\\Users\\lenovo\\Desktop\\UnilogAPI\\Reports\\Enums\\20190524_103322\\requests\\main\\3.har</message>
  <nestedLevel>1</nestedLevel>
  <property name="harId">2353250a-e748-4e11-9bae-92d4917a6853</property>
</record>
<record>
  <date>2019-05-24T10:33:32</date>
  <millis>1558668812563</millis>
  <sequence>57</sequence>
  <level>PASSED</level>
  <class>com.kms.katalon.core.logging.XmlKeywordLogger</class>
  <method>logMessage</method>
  <thread>1</thread>
  <message>Send request successfully</message>
  <nestedLevel>1</nestedLevel>
</record>
<record>
  <date>2019-05-24T10:33:32</date>
  <millis>1558668812563</millis>
  <sequence>58</sequence>
  <level>END</level>
  <class>com.kms.katalon.core.logging.XmlKeywordLogger</class>
  <method>endKeyword</method>
  <thread>1</thread>
  <message>End action : response = sendRequest(findTestObject(\&amp;quot;Enums/GetEnumcharacteristic-definition\&amp;quot;))</message>
  <nestedLevel>1</nestedLevel>
</record>
<record>
  <date>2019-05-24T10:33:32</date>
  <millis>1558668812564</millis>
  <sequence>59</sequence>
  <level>START</level>
  <class>com.kms.katalon.core.logging.XmlKeywordLogger</class>
  <method>startKeyword</method>
  <thread>1</thread>
  <message>Start action : verifyResponseStatusCode(response, 200)</message>
  <nestedLevel>1</nestedLevel>
  <property name="startLine">18</property>
  <property name="stepIndex">2</property>
</record>
<record>
  <date>2019-05-24T10:33:32</date>
  <millis>1558668812567</millis>
  <sequence>61</sequence>
  <level>PASSED</level>
  <class>com.kms.katalon.core.logging.XmlKeywordLogger</class>
  <method>logMessage</method>
  <thread>1</thread>
  <message>Verify response status code successfully</message>
  <nestedLevel>1</nestedLevel>
</record>
<record>
  <date>2019-05-24T10:33:32</date>
  <millis>1558668812568</millis>
  <sequence>62</sequence>
  <level>END</level>
  <class>com.kms.katalon.core.logging.XmlKeywordLogger</class>
  <method>endKeyword</method>
  <thread>1</thread>
  <message>End action : verifyResponseStatusCode(response, 200)</message>
  <nestedLevel>1</nestedLevel>
</record>
<record>
  <date>2019-05-24T10:33:32</date>
  <millis>1558668812568</millis>
  <sequence>63</sequence>
  <level>PASSED</level>
  <class>com.kms.katalon.core.logging.XmlKeywordLogger</class>
  <method>logMessage</method>
  <thread>1</thread>
  <message>Test Cases/Enums/GetEnumcharacteristic-definition</message>
  <nestedLevel>1</nestedLevel>
</record>
<record>
  <date>2019-05-24T10:33:32</date>
  <millis>1558668812569</millis>
  <sequence>64</sequence>
  <level>END</level>
  <class>com.kms.katalon.core.logging.XmlKeywordLogger</class>
  <method>endTest</method>
  <thread>1</thread>
  <message>End Test Case : Test Cases/Enums/GetEnumcharacteristic-definition</message>
  <nestedLevel>0</nestedLevel>
</record>
<record>
  <date>2019-05-24T10:33:32</date>
  <millis>1558668812572</millis>
  <sequence>65</sequence>
  <level>START</level>
  <class>com.kms.katalon.core.logging.XmlKeywordLogger</class>
  <method>startTest</method>
  <thread>1</thread>
  <message>Start Test Case : Test Cases/Enums/GetEnumsapptype</message>
  <nestedLevel>1</nestedLevel>
  <property name="name">Test Cases/Enums/GetEnumsapptype</property>
  <property name="description"></property>
  <property name="id">Test Cases/Enums/GetEnumsapptype</property>
  <property name="source">C:\\Users\\lenovo\\Desktop\\UnilogAPI\\Test Cases\\Enums\\GetEnumsapptype.tc</property>
  <property name="tag"></property>
  <property name="isOptional">false</property>
</record>
<record>
  <date>2019-05-24T10:33:32</date>
  <millis>1558668812739</millis>
  <sequence>67</sequence>
  <level>START</level>
  <class>com.kms.katalon.core.logging.XmlKeywordLogger</class>
  <method>startKeyword</method>
  <thread>1</thread>
  <message>Start action : response = sendRequest(findTestObject(\&amp;quot;Enums/GetEnumsapptype\&amp;quot;))</message>
  <nestedLevel>1</nestedLevel>
  <property name="startLine">16</property>
  <property name="stepIndex">1</property>
</record>
<record>
  <date>2019-05-24T10:33:32</date>
  <millis>1558668812791</millis>
  <sequence>71</sequence>
  <level>INFO</level>
  <class>com.kms.katalon.core.logging.XmlKeywordLogger</class>
  <method>logMessage</method>
  <thread>1</thread>
  <message>HAR: C:\\Users\\lenovo\\Desktop\\UnilogAPI\\Reports\\Enums\\20190524_103322\\requests\\main\\4.har</message>
  <nestedLevel>1</nestedLevel>
  <property name="harId">a94f3950-8a4d-416f-9058-76c1437d37cb</property>
</record>
<record>
  <date>2019-05-24T10:33:32</date>
  <millis>1558668812802</millis>
  <sequence>72</sequence>
  <level>PASSED</level>
  <class>com.kms.katalon.core.logging.XmlKeywordLogger</class>
  <method>logMessage</method>
  <thread>1</thread>
  <message>Send request successfully</message>
  <nestedLevel>1</nestedLevel>
</record>
<record>
  <date>2019-05-24T10:33:32</date>
  <millis>1558668812803</millis>
  <sequence>73</sequence>
  <level>END</level>
  <class>com.kms.katalon.core.logging.XmlKeywordLogger</class>
  <method>endKeyword</method>
  <thread>1</thread>
  <message>End action : response = sendRequest(findTestObject(\&amp;quot;Enums/GetEnumsapptype\&amp;quot;))</message>
  <nestedLevel>1</nestedLevel>
</record>
<record>
  <date>2019-05-24T10:33:32</date>
  <millis>1558668812803</millis>
  <sequence>74</sequence>
  <level>START</level>
  <class>com.kms.katalon.core.logging.XmlKeywordLogger</class>
  <method>startKeyword</method>
  <thread>1</thread>
  <message>Start action : verifyResponseStatusCode(response, 200)</message>
  <nestedLevel>1</nestedLevel>
  <property name="startLine">18</property>
  <property name="stepIndex">2</property>
</record>
<record>
  <date>2019-05-24T10:33:32</date>
  <millis>1558668812805</millis>
  <sequence>76</sequence>
  <level>PASSED</level>
  <class>com.kms.katalon.core.logging.XmlKeywordLogger</class>
  <method>logMessage</method>
  <thread>1</thread>
  <message>Verify response status code successfully</message>
  <nestedLevel>1</nestedLevel>
</record>
<record>
  <date>2019-05-24T10:33:32</date>
  <millis>1558668812805</millis>
  <sequence>77</sequence>
  <level>END</level>
  <class>com.kms.katalon.core.logging.XmlKeywordLogger</class>
  <method>endKeyword</method>
  <thread>1</thread>
  <message>End action : verifyResponseStatusCode(response, 200)</message>
  <nestedLevel>1</nestedLevel>
</record>
<record>
  <date>2019-05-24T10:33:32</date>
  <millis>1558668812805</millis>
  <sequence>78</sequence>
  <level>PASSED</level>
  <class>com.kms.katalon.core.logging.XmlKeywordLogger</class>
  <method>logMessage</method>
  <thread>1</thread>
  <message>Test Cases/Enums/GetEnumsapptype</message>
  <nestedLevel>1</nestedLevel>
</record>
<record>
  <date>2019-05-24T10:33:32</date>
  <millis>1558668812806</millis>
  <sequence>79</sequence>
  <level>END</level>
  <class>com.kms.katalon.core.logging.XmlKeywordLogger</class>
  <method>endTest</method>
  <thread>1</thread>
  <message>End Test Case : Test Cases/Enums/GetEnumsapptype</message>
  <nestedLevel>0</nestedLevel>
</record>
<record>
  <date>2019-05-24T10:33:32</date>
  <millis>1558668812809</millis>
  <sequence>80</sequence>
  <level>START</level>
  <class>com.kms.katalon.core.logging.XmlKeywordLogger</class>
  <method>startTest</method>
  <thread>1</thread>
  <message>Start Test Case : Test Cases/Enums/GetEnumslogtype</message>
  <nestedLevel>1</nestedLevel>
  <property name="name">Test Cases/Enums/GetEnumslogtype</property>
  <property name="description"></property>
  <property name="id">Test Cases/Enums/GetEnumslogtype</property>
  <property name="source">C:\\Users\\lenovo\\Desktop\\UnilogAPI\\Test Cases\\Enums\\GetEnumslogtype.tc</property>
  <property name="tag"></property>
  <property name="isOptional">false</property>
</record>
<record>
  <date>2019-05-24T10:33:32</date>
  <millis>1558668812955</millis>
  <sequence>82</sequence>
  <level>START</level>
  <class>com.kms.katalon.core.logging.XmlKeywordLogger</class>
  <method>startKeyword</method>
  <thread>1</thread>
  <message>Start action : response = sendRequest(findTestObject(\&amp;quot;Enums/GetEnumslogtype\&amp;quot;))</message>
  <nestedLevel>1</nestedLevel>
  <property name="startLine">16</property>
  <property name="stepIndex">1</property>
</record>
<record>
  <date>2019-05-24T10:33:33</date>
  <millis>1558668813000</millis>
  <sequence>86</sequence>
  <level>INFO</level>
  <class>com.kms.katalon.core.logging.XmlKeywordLogger</class>
  <method>logMessage</method>
  <thread>1</thread>
  <message>HAR: C:\\Users\\lenovo\\Desktop\\UnilogAPI\\Reports\\Enums\\20190524_103322\\requests\\main\\5.har</message>
  <nestedLevel>1</nestedLevel>
  <property name="harId">97739984-96c7-4362-9b0a-f9516338265a</property>
</record>
<record>
  <date>2019-05-24T10:33:33</date>
  <millis>1558668813005</millis>
  <sequence>87</sequence>
  <level>PASSED</level>
  <class>com.kms.katalon.core.logging.XmlKeywordLogger</class>
  <method>logMessage</method>
  <thread>1</thread>
  <message>Send request successfully</message>
  <nestedLevel>1</nestedLevel>
</record>
<record>
  <date>2019-05-24T10:33:33</date>
  <millis>1558668813007</millis>
  <sequence>88</sequence>
  <level>END</level>
  <class>com.kms.katalon.core.logging.XmlKeywordLogger</class>
  <method>endKeyword</method>
  <thread>1</thread>
  <message>End action : response = sendRequest(findTestObject(\&amp;quot;Enums/GetEnumslogtype\&amp;quot;))</message>
  <nestedLevel>1</nestedLevel>
</record>
<record>
  <date>2019-05-24T10:33:33</date>
  <millis>1558668813007</millis>
  <sequence>89</sequence>
  <level>START</level>
  <class>com.kms.katalon.core.logging.XmlKeywordLogger</class>
  <method>startKeyword</method>
  <thread>1</thread>
  <message>Start action : verifyResponseStatusCode(response, 200)</message>
  <nestedLevel>1</nestedLevel>
  <property name="startLine">18</property>
  <property name="stepIndex">2</property>
</record>
<record>
  <date>2019-05-24T10:33:33</date>
  <millis>1558668813009</millis>
  <sequence>91</sequence>
  <level>PASSED</level>
  <class>com.kms.katalon.core.logging.XmlKeywordLogger</class>
  <method>logMessage</method>
  <thread>1</thread>
  <message>Verify response status code successfully</message>
  <nestedLevel>1</nestedLevel>
</record>
<record>
  <date>2019-05-24T10:33:33</date>
  <millis>1558668813009</millis>
  <sequence>92</sequence>
  <level>END</level>
  <class>com.kms.katalon.core.logging.XmlKeywordLogger</class>
  <method>endKeyword</method>
  <thread>1</thread>
  <message>End action : verifyResponseStatusCode(response, 200)</message>
  <nestedLevel>1</nestedLevel>
</record>
<record>
  <date>2019-05-24T10:33:33</date>
  <millis>1558668813010</millis>
  <sequence>93</sequence>
  <level>PASSED</level>
  <class>com.kms.katalon.core.logging.XmlKeywordLogger</class>
  <method>logMessage</method>
  <thread>1</thread>
  <message>Test Cases/Enums/GetEnumslogtype</message>
  <nestedLevel>1</nestedLevel>
</record>
<record>
  <date>2019-05-24T10:33:33</date>
  <millis>1558668813010</millis>
  <sequence>94</sequence>
  <level>END</level>
  <class>com.kms.katalon.core.logging.XmlKeywordLogger</class>
  <method>endTest</method>
  <thread>1</thread>
  <message>End Test Case : Test Cases/Enums/GetEnumslogtype</message>
  <nestedLevel>0</nestedLevel>
</record>
<record>
  <date>2019-05-24T10:33:33</date>
  <millis>1558668813013</millis>
  <sequence>95</sequence>
  <level>START</level>
  <class>com.kms.katalon.core.logging.XmlKeywordLogger</class>
  <method>startTest</method>
  <thread>1</thread>
  <message>Start Test Case : Test Cases/Enums/GetEnumssysstatus</message>
  <nestedLevel>1</nestedLevel>
  <property name="name">Test Cases/Enums/GetEnumssysstatus</property>
  <property name="description"></property>
  <property name="id">Test Cases/Enums/GetEnumssysstatus</property>
  <property name="source">C:\\Users\\lenovo\\Desktop\\UnilogAPI\\Test Cases\\Enums\\GetEnumssysstatus.tc</property>
  <property name="tag"></property>
  <property name="isOptional">false</property>
</record>
<record>
  <date>2019-05-24T10:33:33</date>
  <millis>1558668813370</millis>
  <sequence>97</sequence>
  <level>START</level>
  <class>com.kms.katalon.core.logging.XmlKeywordLogger</class>
  <method>startKeyword</method>
  <thread>1</thread>
  <message>Start action : response = sendRequest(findTestObject(\&amp;quot;Enums/GetEnumssysstatus\&amp;quot;))</message>
  <nestedLevel>1</nestedLevel>
  <property name="startLine">16</property>
  <property name="stepIndex">1</property>
</record>
<record>
  <date>2019-05-24T10:33:33</date>
  <millis>1558668813515</millis>
  <sequence>101</sequence>
  <level>INFO</level>
  <class>com.kms.katalon.core.logging.XmlKeywordLogger</class>
  <method>logMessage</method>
  <thread>1</thread>
  <message>HAR: C:\\Users\\lenovo\\Desktop\\UnilogAPI\\Reports\\Enums\\20190524_103322\\requests\\main\\6.har</message>
  <nestedLevel>1</nestedLevel>
  <property name="harId">16905f3c-75ba-487a-9886-998cafcaabc8</property>
</record>
<record>
  <date>2019-05-24T10:33:33</date>
  <millis>1558668813525</millis>
  <sequence>102</sequence>
  <level>PASSED</level>
  <class>com.kms.katalon.core.logging.XmlKeywordLogger</class>
  <method>logMessage</method>
  <thread>1</thread>
  <message>Send request successfully</message>
  <nestedLevel>1</nestedLevel>
</record>
<record>
  <date>2019-05-24T10:33:33</date>
  <millis>1558668813526</millis>
  <sequence>103</sequence>
  <level>END</level>
  <class>com.kms.katalon.core.logging.XmlKeywordLogger</class>
  <method>endKeyword</method>
  <thread>1</thread>
  <message>End action : response = sendRequest(findTestObject(\&amp;quot;Enums/GetEnumssysstatus\&amp;quot;))</message>
  <nestedLevel>1</nestedLevel>
</record>
<record>
  <date>2019-05-24T10:33:33</date>
  <millis>1558668813527</millis>
  <sequence>104</sequence>
  <level>START</level>
  <class>com.kms.katalon.core.logging.XmlKeywordLogger</class>
  <method>startKeyword</method>
  <thread>1</thread>
  <message>Start action : verifyResponseStatusCode(response, 200)</message>
  <nestedLevel>1</nestedLevel>
  <property name="startLine">18</property>
  <property name="stepIndex">2</property>
</record>
<record>
  <date>2019-05-24T10:33:33</date>
  <millis>1558668813529</millis>
  <sequence>106</sequence>
  <level>PASSED</level>
  <class>com.kms.katalon.core.logging.XmlKeywordLogger</class>
  <method>logMessage</method>
  <thread>1</thread>
  <message>Verify response status code successfully</message>
  <nestedLevel>1</nestedLevel>
</record>
<record>
  <date>2019-05-24T10:33:33</date>
  <millis>1558668813529</millis>
  <sequence>107</sequence>
  <level>END</level>
  <class>com.kms.katalon.core.logging.XmlKeywordLogger</class>
  <method>endKeyword</method>
  <thread>1</thread>
  <message>End action : verifyResponseStatusCode(response, 200)</message>
  <nestedLevel>1</nestedLevel>
</record>
<record>
  <date>2019-05-24T10:33:33</date>
  <millis>1558668813531</millis>
  <sequence>108</sequence>
  <level>PASSED</level>
  <class>com.kms.katalon.core.logging.XmlKeywordLogger</class>
  <method>logMessage</method>
  <thread>1</thread>
  <message>Test Cases/Enums/GetEnumssysstatus</message>
  <nestedLevel>1</nestedLevel>
</record>
<record>
  <date>2019-05-24T10:33:33</date>
  <millis>1558668813532</millis>
  <sequence>109</sequence>
  <level>END</level>
  <class>com.kms.katalon.core.logging.XmlKeywordLogger</class>
  <method>endTest</method>
  <thread>1</thread>
  <message>End Test Case : Test Cases/Enums/GetEnumssysstatus</message>
  <nestedLevel>0</nestedLevel>
</record>
<record>
  <date>2019-05-24T10:33:33</date>
  <millis>1558668813591</millis>
  <sequence>110</sequence>
  <level>END</level>
  <class>com.kms.katalon.core.logging.XmlKeywordLogger</class>
  <method>endSuite</method>
  <thread>1</thread>
  <message>End Test Suite : Test Suites/Enums</message>
  <nestedLevel>0</nestedLevel>
</record>
</log>